  AlianSounit.cpp
C:\Users\LENONO\OneDrive\Documents\GitHub\project\Alien Invasion\AlianSounit.cpp(55,58): warning C4244: 'argument': conversion from 'float' to 'int', possible loss of data
  AlienArmy.cpp
C:\Users\LENONO\OneDrive\Documents\GitHub\project\Alien Invasion\AlienArmy.cpp(193,14): warning C4101: 'Mptr': unreferenced local variable
  Drones.cpp
C:\Users\LENONO\OneDrive\Documents\GitHub\project\Alien Invasion\Drones.cpp(88,54): warning C4244: 'argument': conversion from 'float' to 'int', possible loss of data
C:\Users\LENONO\OneDrive\Documents\GitHub\project\Alien Invasion\Drones.cpp(134,54): warning C4244: 'argument': conversion from 'float' to 'int', possible loss of data
  EarthArmy.cpp
  EG.cpp
C:\Users\LENONO\OneDrive\Documents\GitHub\project\Alien Invasion\EG.cpp(31,24): warning C4244: '=': conversion from 'float' to 'int', possible loss of data
C:\Users\LENONO\OneDrive\Documents\GitHub\project\Alien Invasion\EG.cpp(38,24): warning C4244: '=': conversion from 'float' to 'int', possible loss of data
C:\Users\LENONO\OneDrive\Documents\GitHub\project\Alien Invasion\EG.cpp(106,55): warning C4244: 'argument': conversion from 'float' to 'int', possible loss of data
C:\Users\LENONO\OneDrive\Documents\GitHub\project\Alien Invasion\EG.cpp(150,56): warning C4244: 'argument': conversion from 'float' to 'int', possible loss of data
C:\Users\LENONO\OneDrive\Documents\GitHub\project\Alien Invasion\EG.cpp(152,58): warning C4244: 'argument': conversion from 'float' to 'int', possible loss of data
C:\Users\LENONO\OneDrive\Documents\GitHub\project\Alien Invasion\EG.cpp(206,56): warning C4244: 'argument': conversion from 'float' to 'int', possible loss of data
  Game.cpp
C:\Users\LENONO\OneDrive\Documents\GitHub\project\Alien Invasion\Game.cpp(58,25): warning C4244: 'argument': conversion from 'float' to 'int', possible loss of data
  HealingUnit.cpp
C:\Users\LENONO\OneDrive\Documents\GitHub\project\Alien Invasion\HealingUnit.cpp(87,53): warning C4244: 'argument': conversion from 'float' to 'int', possible loss of data
C:\Users\LENONO\OneDrive\Documents\GitHub\project\Alien Invasion\HealingUnit.cpp(106,53): warning C4244: 'argument': conversion from 'float' to 'int', possible loss of data
  Monster.cpp
C:\Users\LENONO\OneDrive\Documents\GitHub\project\Alien Invasion\Monster.cpp(53,53): warning C4244: 'argument': conversion from 'float' to 'int', possible loss of data
C:\Users\LENONO\OneDrive\Documents\GitHub\project\Alien Invasion\Monster.cpp(90,55): warning C4244: 'argument': conversion from 'float' to 'int', possible loss of data
  RandGen.cpp
C:\Users\LENONO\OneDrive\Documents\GitHub\project\Alien Invasion\RandGen.cpp(12,10): warning C4244: 'return': conversion from 'int' to 'float', possible loss of data
C:\Users\LENONO\OneDrive\Documents\GitHub\project\Alien Invasion\RandGen.cpp(57,17): warning C4244: '=': conversion from 'float' to 'int', possible loss of data
C:\Users\LENONO\OneDrive\Documents\GitHub\project\Alien Invasion\RandGen.cpp(59,22): warning C4244: 'argument': conversion from 'float' to 'int', possible loss of data
C:\Users\LENONO\OneDrive\Documents\GitHub\project\Alien Invasion\RandGen.cpp(68,17): warning C4244: '=': conversion from 'float' to 'int', possible loss of data
C:\Users\LENONO\OneDrive\Documents\GitHub\project\Alien Invasion\RandGen.cpp(70,22): warning C4244: 'argument': conversion from 'float' to 'int', possible loss of data
  Solderunit.cpp
C:\Users\LENONO\OneDrive\Documents\GitHub\project\Alien Invasion\Solderunit.cpp(67,58): warning C4244: 'argument': conversion from 'float' to 'int', possible loss of data
  Source.cpp
C:\Users\LENONO\OneDrive\Documents\GitHub\project\Alien Invasion\Source.cpp(29,6): warning C4101: 'x': unreferenced local variable
  Tank.cpp
C:\Users\LENONO\OneDrive\Documents\GitHub\project\Alien Invasion\Tank.cpp(72,56): warning C4244: 'argument': conversion from 'float' to 'int', possible loss of data
C:\Users\LENONO\OneDrive\Documents\GitHub\project\Alien Invasion\Tank.cpp(109,53): warning C4244: 'argument': conversion from 'float' to 'int', possible loss of data
  unit.cpp
C:\Users\LENONO\OneDrive\Documents\GitHub\project\Alien Invasion\unit.cpp(42,9): warning C4244: 'return': conversion from 'float' to 'int', possible loss of data
  Generating Code...
C:\Users\LENONO\OneDrive\Documents\GitHub\project\Alien Invasion\EarthArmy.cpp(13): warning C4715: 'EarthArmy::Add_unit': not all control paths return a value
C:\Users\LENONO\OneDrive\Documents\GitHub\project\Alien Invasion\AlienArmy.cpp(21): warning C4715: 'AlienArmy::ADD_unit': not all control paths return a value
  Alien Invasion.vcxproj -> C:\Users\LENONO\OneDrive\Documents\GitHub\project\x64\Debug\Alien Invasion.exe
