e:\documents\github\project\alien invasion\x64\debug\vc143.pdb
e:\documents\github\project\alien invasion\x64\debug\vc143.idb
e:\documents\github\project\alien invasion\x64\debug\unit.obj
e:\documents\github\project\alien invasion\x64\debug\tank.obj
e:\documents\github\project\alien invasion\x64\debug\source.obj
e:\documents\github\project\alien invasion\x64\debug\solderunit.obj
e:\documents\github\project\alien invasion\x64\debug\monster.obj
e:\documents\github\project\alien invasion\x64\debug\eg.obj
e:\documents\github\project\alien invasion\x64\debug\eartharmy.obj
e:\documents\github\project\alien invasion\x64\debug\drones.obj
e:\documents\github\project\alien invasion\x64\debug\alienarmy.obj
e:\documents\github\project\alien invasion\x64\debug\aliansounit.obj
c:\users\lenono\onedrive\documents\github\project\alien invasion\x64\debug\vc143.pdb
c:\users\lenono\onedrive\documents\github\project\alien invasion\x64\debug\vc143.idb
c:\users\lenono\onedrive\documents\github\project\alien invasion\x64\debug\unit.obj
c:\users\lenono\onedrive\documents\github\project\alien invasion\x64\debug\tank.obj
c:\users\lenono\onedrive\documents\github\project\alien invasion\x64\debug\source.obj
c:\users\lenono\onedrive\documents\github\project\alien invasion\x64\debug\solderunit.obj
c:\users\lenono\onedrive\documents\github\project\alien invasion\x64\debug\monster.obj
c:\users\lenono\onedrive\documents\github\project\alien invasion\x64\debug\eg.obj
c:\users\lenono\onedrive\documents\github\project\alien invasion\x64\debug\eartharmy.obj
c:\users\lenono\onedrive\documents\github\project\alien invasion\x64\debug\drones.obj
c:\users\lenono\onedrive\documents\github\project\alien invasion\x64\debug\alienarmy.obj
c:\users\lenono\onedrive\documents\github\project\alien invasion\x64\debug\aliansounit.obj
c:\users\lenono\onedrive\documents\github\project\alien invasion\x64\debug\alien invasion.tlog\cl.command.1.tlog
c:\users\lenono\onedrive\documents\github\project\alien invasion\x64\debug\alien invasion.tlog\cl.read.1.tlog
c:\users\lenono\onedrive\documents\github\project\alien invasion\x64\debug\alien invasion.tlog\cl.write.1.tlog
